C:\Users\quint\Desktop\school\Context\DatabaseContext.cs
OnModelCreating 3
OnModelCreating 0

C:\Users\quint\Desktop\school\Controllers\OrderLinesController.cs
GetOrderLine 2
GetOrderLine 0
GetOrderLine 2
GetOrderLine 0
PutOrderLine 2
PutOrderLine 0
PostOrderLine 2
PostOrderLine 0
DeleteOrderLine 3
DeleteOrderLine 0
OrderLineExists 2
OrderLineExists 0

C:\Users\quint\Desktop\school\Controllers\OrdersController.cs
GetOrder 2
GetOrder 0
GetOrder 2
GetOrder 0
PutOrder 4
PutOrder 0
PostOrder 2
PostOrder 0
DeleteOrder 2
DeleteOrder 0
OrderExists 2
OrderExists 0

C:\Users\quint\Desktop\school\Controllers\ProductsController.cs
GetProduct 2
GetProduct 0
GetProduct 2
GetProduct 0
PutProduct 2
PutProduct 0
PostProduct 2
PostProduct 0
DeleteProduct 2
DeleteProduct 0
ProductExists 2
ProductExists 0

C:\Users\quint\Desktop\school\Controllers\UsersController.cs
GetUser 2
GetUser 0
GetUser 28
GetUser 0
PutUser 3
PutUser 0
PostUser 2
PostUser 0
DeleteUser 3
DeleteUser 0
UserExists 2
UserExists 0

C:\Users\quint\Desktop\school\Migrations\20201230225328_first-migration.cs
Up 2
Up 0
Down 3
Down 0

C:\Users\quint\Desktop\school\Migrations\20201230225328_first-migration.Designer.cs
BuildTargetModel 2
BuildTargetModel 0

C:\Users\quint\Desktop\school\Migrations\DatabaseContextModelSnapshot.cs
BuildModel 2
BuildModel 0

C:\Users\quint\Desktop\school\Models\Order.cs

C:\Users\quint\Desktop\school\Models\OrderLine.cs

C:\Users\quint\Desktop\school\Models\Product.cs

C:\Users\quint\Desktop\school\Models\User.cs

C:\Users\quint\Desktop\school\Program.cs
Main 2
Main 0
CreateHostBuilder 3
CreateHostBuilder 0

C:\Users\quint\Desktop\school\Startup.cs
ConfigureServices 2
ConfigureServices 0
Configure 2
Configure 0

C:\Users\quint\Desktop\school\obj\Debug\netcoreapp3.1\.NETCoreApp,Version=v3.1.AssemblyAttributes.cs

C:\Users\quint\Desktop\school\obj\Debug\netcoreapp3.1\backend_school_api.AssemblyInfo.cs

